  main.cpp
main.cpp(198): warning C4244: “参数”: 从“double”转换到“int”，可能丢失数据
main.cpp(324): warning C4244: “初始化”: 从“double”转换到“int”，可能丢失数据
main.cpp(325): warning C4244: “初始化”: 从“double”转换到“int”，可能丢失数据
main.cpp(326): warning C4244: “初始化”: 从“double”转换到“int”，可能丢失数据
main.cpp(327): warning C4244: “初始化”: 从“double”转换到“int”，可能丢失数据
main.cpp(262): warning C4101: “theta_g”: 未引用的局部变量
main.cpp(218): warning C4101: “gx”: 未引用的局部变量
main.cpp(262): warning C4101: “fai_g”: 未引用的局部变量
main.cpp(218): warning C4101: “gz”: 未引用的局部变量
main.cpp(262): warning C4101: “fai_atan2”: 未引用的局部变量
main.cpp(262): warning C4101: “theta_atan2”: 未引用的局部变量
main.cpp(218): warning C4101: “gy”: 未引用的局部变量
  正在生成代码
c:\users\zhaox\documents\visual studio 2017\projects\gmat2fullviewgaze\gmat2fullviewgaze\main.cpp(205): warning C4715: “PIMG”: 不是所有的控件路径都返回值
  11 of 449 functions ( 2.4%) were compiled, the rest were copied from previous compilation.
    0 functions were new in current compilation
    15 functions had inline decision re-evaluated but remain unchanged
  已完成代码的生成
  gmat2fullviewgaze.vcxproj -> C:\Users\zhaox\Documents\Visual Studio 2017\Projects\gmat2fullviewgaze\x64\Release\gmat2fullviewgaze.exe
  gmat2fullviewgaze.vcxproj -> C:\Users\zhaox\Documents\Visual Studio 2017\Projects\gmat2fullviewgaze\x64\Release\gmat2fullviewgaze.pdb (Full PDB)
